<?xml version="1.0" encoding="UTF-8"?>
<!-- Generated by org.testng.reporters.JUnitReportReporter -->
<testsuite hostname="AVE-LAP-301" failures="0" tests="9" name="fatura_test.TestClass" time="59.185" errors="0" timestamp="2021-01-05T00:38:04 EET" skipped="0">
  <testcase classname="fatura_test.TestClass" name="invalidPhoneNumberLogin" time="5.107"/>
  <system-out/>
  <testcase classname="fatura_test.TestClass" name="invalidPhoneNumberLogin" time="4.382"/>
  <system-out/>
  <testcase classname="fatura_test.TestClass" name="invalidPhoneNumberLogin" time="4.335"/>
  <system-out/>
  <testcase classname="fatura_test.TestClass" name="invalidPhoneNumberLogin" time="4.668"/>
  <system-out/>
  <testcase classname="fatura_test.TestClass" name="invalidPasswordLogin" time="4.402"/>
  <system-out/>
  <testcase classname="fatura_test.TestClass" name="invalidPasswordLogin" time="3.794"/>
  <system-out/>
  <testcase classname="fatura_test.TestClass" name="validLogin" time="7.632"/>
  <system-out/>
  <testcase classname="fatura_test.TestClass" name="submittingOrder" time="15.535"/>
  <system-out/>
  <testcase classname="fatura_test.TestClass" name="validLogout" time="9.330"/>
  <system-out/>
</testsuite> <!-- fatura_test.TestClass -->
