<?xml version="1.0" encoding="UTF-8"?>
<!-- Generated by org.testng.reporters.JUnitReportReporter -->
<testsuite hostname="AVE-LAP-301" failures="0" tests="1" name="faturaegypt.appium_automation_testing.AppiumTest" time="4.327" errors="0" timestamp="2021-01-03T05:58:59 EET" skipped="0">
  <testcase classname="faturaegypt.appium_automation_testing.AppiumTest" name="basicTest" time="4.327"/>
  <system-out/>
</testsuite> <!-- faturaegypt.appium_automation_testing.AppiumTest -->
